<?xml version="1.0" encoding="UTF-8"?>
<!-- Generated by org.testng.reporters.JUnitReportReporter -->
<testsuite hostname="pairo" failures="0" tests="1" name="com.olenickglobal.TestNGCucumberTests" time="5.018" errors="0" timestamp="2023-11-02T17:02:53 ART" skipped="0">
  <testcase classname="com.olenickglobal.TestNGCucumberTests" name="runScenario" time="5.018"/>
</testsuite> <!-- com.olenickglobal.TestNGCucumberTests -->
